0 info it worked if it ends with ok
1 verbose cli [ '/Users/mac/.nvm/versions/node/v6.10.0/bin/node',
1 verbose cli   '/Users/mac/.nvm/versions/node/v6.10.0/bin/npm',
1 verbose cli   'run',
1 verbose cli   'prod' ]
2 info using npm@3.10.10
3 info using node@v6.10.0
4 verbose run-script [ 'preprod', 'prod', 'postprod' ]
5 info lifecycle nutrition_tracking_feature@1.0.0~preprod: nutrition_tracking_feature@1.0.0
6 silly lifecycle nutrition_tracking_feature@1.0.0~preprod: no script for preprod, continuing
7 info lifecycle nutrition_tracking_feature@1.0.0~prod: nutrition_tracking_feature@1.0.0
8 verbose lifecycle nutrition_tracking_feature@1.0.0~prod: unsafe-perm in lifecycle true
9 verbose lifecycle nutrition_tracking_feature@1.0.0~prod: PATH: /Users/mac/.nvm/versions/node/v6.10.0/lib/node_modules/npm/bin/node-gyp-bin:/Users/mac/Niteco/Blood-donor/node_modules/.bin:/usr/local/apache-tomcat-8.5.15/bin:/Users/mac/HAC/Software/rar:/Users/mac/HAC/Software/apache-maven-3.5.0/bin:/usr/local/opt/icu4c/sbin:/usr/local/opt/icu4c/bin:/Users/mac/.nvm/versions/node/v6.10.0/bin:/Users/mac/.rvm/gems/ruby-2.4.1/bin:/Users/mac/.rvm/gems/ruby-2.4.1@global/bin:/Users/mac/.rvm/rubies/ruby-2.4.1/bin:/Users/mac/bin:/usr/local/bin:/usr/bin:/bin:/usr/sbin:/sbin:/usr/local/share/dotnet:/opt/X11/bin:/Library/Frameworks/Mono.framework/Versions/Current/Commands:/Users/mac/.rvm/bin:/usr/local/mysql/bin
10 verbose lifecycle nutrition_tracking_feature@1.0.0~prod: CWD: /Users/mac/Niteco/Blood-donor
11 silly lifecycle nutrition_tracking_feature@1.0.0~prod: Args: [ '-c', 'NODE_ENV=production node server.js' ]
12 silly lifecycle nutrition_tracking_feature@1.0.0~prod: Returned: code: 1  signal: null
13 info lifecycle nutrition_tracking_feature@1.0.0~prod: Failed to exec prod script
14 verbose stack Error: nutrition_tracking_feature@1.0.0 prod: `NODE_ENV=production node server.js`
14 verbose stack Exit status 1
14 verbose stack     at EventEmitter.<anonymous> (/Users/mac/.nvm/versions/node/v6.10.0/lib/node_modules/npm/lib/utils/lifecycle.js:255:16)
14 verbose stack     at emitTwo (events.js:106:13)
14 verbose stack     at EventEmitter.emit (events.js:191:7)
14 verbose stack     at ChildProcess.<anonymous> (/Users/mac/.nvm/versions/node/v6.10.0/lib/node_modules/npm/lib/utils/spawn.js:40:14)
14 verbose stack     at emitTwo (events.js:106:13)
14 verbose stack     at ChildProcess.emit (events.js:191:7)
14 verbose stack     at maybeClose (internal/child_process.js:877:16)
14 verbose stack     at Process.ChildProcess._handle.onexit (internal/child_process.js:226:5)
15 verbose pkgid nutrition_tracking_feature@1.0.0
16 verbose cwd /Users/mac/Niteco/Blood-donor
17 error Darwin 17.3.0
18 error argv "/Users/mac/.nvm/versions/node/v6.10.0/bin/node" "/Users/mac/.nvm/versions/node/v6.10.0/bin/npm" "run" "prod"
19 error node v6.10.0
20 error npm  v3.10.10
21 error code ELIFECYCLE
22 error nutrition_tracking_feature@1.0.0 prod: `NODE_ENV=production node server.js`
22 error Exit status 1
23 error Failed at the nutrition_tracking_feature@1.0.0 prod script 'NODE_ENV=production node server.js'.
23 error Make sure you have the latest version of node.js and npm installed.
23 error If you do, this is most likely a problem with the nutrition_tracking_feature package,
23 error not with npm itself.
23 error Tell the author that this fails on your system:
23 error     NODE_ENV=production node server.js
23 error You can get information on how to open an issue for this project with:
23 error     npm bugs nutrition_tracking_feature
23 error Or if that isn't available, you can get their info via:
23 error     npm owner ls nutrition_tracking_feature
23 error There is likely additional logging output above.
24 verbose exit [ 1, true ]
